<?xml version="1.0" encoding="UTF-8"?>
<testsuite name="it.unimi.di.sweng.lab02.BowlingTest" tests="6" skipped="0" failures="0" errors="0" timestamp="2025-10-16T23:10:16.222Z" hostname="DESKTOP-LMSNL9T" time="0.283">
  <properties/>
  <testcase name="allOnesGame()" classname="it.unimi.di.sweng.lab02.BowlingTest" time="0.212"/>
  <testcase name="oneStrikeGame()" classname="it.unimi.di.sweng.lab02.BowlingTest" time="0.006"/>
  <testcase name="gutterGame()" classname="it.unimi.di.sweng.lab02.BowlingTest" time="0.003"/>
  <testcase name="notSpareGame()" classname="it.unimi.di.sweng.lab02.BowlingTest" time="0.011"/>
  <testcase name="oneSpareGame()" classname="it.unimi.di.sweng.lab02.BowlingTest" time="0.012"/>
  <testcase name="notStrikeGame()" classname="it.unimi.di.sweng.lab02.BowlingTest" time="0.002"/>
  <system-out><![CDATA[]]></system-out>
  <system-err><![CDATA[]]></system-err>
</testsuite>
