<?xml version="1.0" encoding="UTF-8"?>
<testsuite name="it.unimi.di.sweng.lab02.BowlingTest" tests="7" skipped="0" failures="0" errors="0" timestamp="2025-10-17T09:28:32.713Z" hostname="DESKTOP-LMSNL9T" time="0.304">
  <properties/>
  <testcase name="allOnesGame()" classname="it.unimi.di.sweng.lab02.BowlingTest" time="0.199"/>
  <testcase name="oneStrikeGame()" classname="it.unimi.di.sweng.lab02.BowlingTest" time="0.01"/>
  <testcase name="gutterGame()" classname="it.unimi.di.sweng.lab02.BowlingTest" time="0.008"/>
  <testcase name="notSpareGame()" classname="it.unimi.di.sweng.lab02.BowlingTest" time="0.01"/>
  <testcase name="oneSpareGame()" classname="it.unimi.di.sweng.lab02.BowlingTest" time="0.011"/>
  <testcase name="lastFrameStrikeGame()" classname="it.unimi.di.sweng.lab02.BowlingTest" time="0.015"/>
  <testcase name="notStrikeGame()" classname="it.unimi.di.sweng.lab02.BowlingTest" time="0.007"/>
  <system-out><![CDATA[]]></system-out>
  <system-err><![CDATA[]]></system-err>
</testsuite>
