<?xml version="1.0" encoding="UTF-8"?>
<testsuite name="it.unimi.di.sweng.lab02.BowlingTest" tests="4" skipped="0" failures="0" errors="0" timestamp="2025-10-16T22:35:09.176Z" hostname="DESKTOP-LMSNL9T" time="0.283">
  <properties/>
  <testcase name="allOnesGame()" classname="it.unimi.di.sweng.lab02.BowlingTest" time="0.214"/>
  <testcase name="gutterGame()" classname="it.unimi.di.sweng.lab02.BowlingTest" time="0.003"/>
  <testcase name="notSpareGame()" classname="it.unimi.di.sweng.lab02.BowlingTest" time="0.002"/>
  <testcase name="oneSpareGame()" classname="it.unimi.di.sweng.lab02.BowlingTest" time="0.053"/>
  <system-out><![CDATA[]]></system-out>
  <system-err><![CDATA[]]></system-err>
</testsuite>
